\BOOKMARK [0][-]{chapter.1}{\376\377\176\352\213\272}{}% 1
\BOOKMARK [1][-]{section.1.1}{\376\377\170\024\172\166\200\314\146\157\116\016\141\017\116\111}{chapter.1}% 2
\BOOKMARK [1][-]{section.1.2}{\376\377\126\375\121\205\131\026\170\024\172\166\163\260\162\266}{chapter.1}% 3
\BOOKMARK [2][-]{subsection.1.2.1}{\376\377\000A\000I\000G\000C\165\037\142\020\142\200\147\057\170\024\172\166\163\260\162\266}{section.1.2}% 4
\BOOKMARK [2][-]{subsection.1.2.2}{\376\377\000A\000I\165\037\142\020\121\205\133\271\150\300\155\113\170\024\172\166\163\260\162\266}{section.1.2}% 5
\BOOKMARK [2][-]{subsection.1.2.3}{\376\377\116\015\133\211\121\150\121\205\133\271\133\241\150\070\170\024\172\166\163\260\162\266}{section.1.2}% 6
\BOOKMARK [2][-]{subsection.1.2.4}{\376\377\163\260\147\011\170\024\172\166\166\204\116\015\215\263\116\016\225\356\230\230\122\006\147\220}{section.1.2}% 7
\BOOKMARK [1][-]{section.1.3}{\376\377\170\024\172\166\121\205\133\271\116\016\142\200\147\057\215\357\176\277}{chapter.1}% 8
\BOOKMARK [2][-]{subsection.1.3.1}{\376\377\116\073\211\201\170\024\172\166\121\205\133\271}{section.1.3}% 9
\BOOKMARK [2][-]{subsection.1.3.2}{\376\377\142\200\147\057\215\357\176\277}{section.1.3}% 10
\BOOKMARK [1][-]{section.1.4}{\376\377\213\272\145\207\162\171\202\162\116\016\122\033\145\260\160\271}{chapter.1}% 11
\BOOKMARK [1][-]{section.1.5}{\376\377\213\272\145\207\176\323\147\204\133\211\143\222}{chapter.1}% 12
\BOOKMARK [0][-]{chapter.2}{\376\377\166\370\121\163\142\200\147\057\116\016\164\006\213\272\127\372\170\100}{}% 13
\BOOKMARK [1][-]{section.2.1}{\376\377\000A\000I\000G\000C\126\376\120\317\116\016\211\306\230\221\165\037\142\020\142\200\147\057\127\372\170\100}{chapter.2}% 14
\BOOKMARK [2][-]{subsection.2.1.1}{\376\377\126\376\120\317\165\037\142\020\142\200\147\057\157\024\217\333}{section.2.1}% 15
\BOOKMARK [2][-]{subsection.2.1.2}{\376\377\211\306\230\221\165\037\142\020\142\200\147\057\215\357\176\277}{section.2.1}% 16
\BOOKMARK [2][-]{subsection.2.1.3}{\376\377\000A\000I\000G\000C\165\037\142\020\121\205\133\271\166\204\133\211\121\150\166\370\121\163\162\171\137\201}{section.2.1}% 17
\BOOKMARK [1][-]{section.2.2}{\376\377\000D\000e\000e\000p\000f\000a\000k\000e\116\016\131\032\152\041\140\001\121\205\133\271\117\052\220\040\142\200\147\057}{chapter.2}% 18
\BOOKMARK [2][-]{subsection.2.2.1}{\376\377\227\142\124\021\116\272\201\070\166\204\155\361\136\246\117\052\220\040\142\200\147\057}{section.2.2}% 19
\BOOKMARK [2][-]{subsection.2.2.2}{\376\377\227\142\124\021\220\032\165\050\127\072\146\157\166\204\131\032\152\041\140\001\117\052\220\040\116\016\177\026\217\221\142\200\147\057}{section.2.2}% 20
\BOOKMARK [1][-]{section.2.3}{\376\377\206\132\120\107\121\205\133\271\150\300\155\113\145\271\154\325}{chapter.2}% 21
\BOOKMARK [2][-]{subsection.2.3.1}{\376\377\127\372\116\216\117\116\134\102\176\337\213\241\116\016\230\221\127\337\162\171\137\201\166\204\150\300\155\113\145\271\154\325}{section.2.3}% 22
\BOOKMARK [2][-]{subsection.2.3.2}{\376\377\127\372\116\216\166\321\167\143\122\006\174\173\166\204\150\300\155\113\145\271\154\325}{section.2.3}% 23
\BOOKMARK [2][-]{subsection.2.3.3}{\376\377\127\372\116\216\220\032\165\050\211\306\211\311\210\150\137\201\116\016\221\315\136\372\133\371\153\324\133\146\116\140\166\204\150\300\155\113\145\271\154\325}{section.2.3}% 24
\BOOKMARK [2][-]{subsection.2.3.4}{\376\377\227\142\124\021\211\306\230\221\166\204\145\366\136\217\150\300\155\113\145\271\154\325}{section.2.3}% 25
\BOOKMARK [2][-]{subsection.2.3.5}{\376\377\116\015\124\014\150\300\155\113\145\271\154\325\166\204\153\324\217\203\116\016\220\002\165\050\127\072\146\157}{section.2.3}% 26
\BOOKMARK [1][-]{section.2.4}{\376\377\116\015\133\211\121\150\121\205\133\271\150\300\155\113\116\016\133\211\121\150\133\241\147\345\145\271\154\325}{chapter.2}% 27
\BOOKMARK [2][-]{subsection.2.4.1}{\376\377\121\205\133\271\133\211\121\150\133\241\147\345\166\204\116\373\122\241\166\356\150\007}{section.2.4}% 28
\BOOKMARK [2][-]{subsection.2.4.2}{\376\377\127\372\116\216\211\306\211\311\122\006\174\173\166\204\121\205\133\271\133\241\150\070\145\271\154\325}{section.2.4}% 29
\BOOKMARK [2][-]{subsection.2.4.3}{\376\377\127\372\116\216\131\032\152\041\140\001\131\047\152\041\127\213\166\204\133\211\121\150\133\241\147\345\145\271\154\325}{section.2.4}% 30
\BOOKMARK [2][-]{subsection.2.4.4}{\376\377\165\037\142\020\133\211\121\150\213\304\155\113\116\016\226\062\142\244\170\024\172\166\166\204\124\057\171\072}{section.2.4}% 31
\BOOKMARK [1][-]{section.2.5}{\376\377\174\373\176\337\137\000\123\321\121\163\225\056\142\200\147\057}{chapter.2}% 32
\BOOKMARK [2][-]{subsection.2.5.1}{\376\377\122\115\172\357\116\244\116\222\116\016\123\357\211\306\123\026\142\200\147\057}{section.2.5}% 33
\BOOKMARK [2][-]{subsection.2.5.2}{\376\377\124\016\172\357\116\343\164\006\116\016\147\015\122\241\177\026\143\222\142\200\147\057}{section.2.5}% 34
\BOOKMARK [2][-]{subsection.2.5.3}{\376\377\152\041\127\213\147\015\122\241\123\026\220\350\177\162\142\200\147\057}{section.2.5}% 35
\BOOKMARK [1][-]{section.2.6}{\376\377\147\054\172\340\134\017\176\323}{chapter.2}% 36
\BOOKMARK [0][-]{chapter.3}{\376\377\174\373\176\337\227\000\154\102\122\006\147\220\116\016\140\073\117\123\213\276\213\241}{}% 37
\BOOKMARK [1][-]{section.3.1}{\376\377\174\373\176\337\136\372\213\276\166\356\150\007}{chapter.3}% 38
\BOOKMARK [1][-]{section.3.2}{\376\377\122\237\200\375\227\000\154\102\122\006\147\220}{chapter.3}% 39
\BOOKMARK [2][-]{subsection.3.2.1}{\376\377\126\376\120\317\116\016\211\306\230\221\217\223\121\145\227\000\154\102}{section.3.2}% 40
\BOOKMARK [2][-]{subsection.3.2.2}{\376\377\206\132\120\107\121\205\133\271\150\300\155\113\227\000\154\102}{section.3.2}% 41
\BOOKMARK [2][-]{subsection.3.2.3}{\376\377\116\015\133\211\121\150\121\205\133\271\133\241\150\070\227\000\154\102}{section.3.2}% 42
\BOOKMARK [2][-]{subsection.3.2.4}{\376\377\176\323\147\234\134\125\171\072\116\016\121\205\133\271\173\241\164\006\227\000\154\102}{section.3.2}% 43
\BOOKMARK [1][-]{section.3.3}{\376\377\227\136\122\237\200\375\227\000\154\102\122\006\147\220}{chapter.3}% 44
\BOOKMARK [2][-]{subsection.3.3.1}{\376\377\123\357\142\151\134\125\140\047\227\000\154\102}{section.3.3}% 45
\BOOKMARK [2][-]{subsection.3.3.2}{\376\377\123\357\176\364\142\244\140\047\227\000\154\102}{section.3.3}% 46
\BOOKMARK [2][-]{subsection.3.3.3}{\376\377\124\315\136\224\140\047\200\375\227\000\154\102}{section.3.3}% 47
\BOOKMARK [2][-]{subsection.3.3.4}{\376\377\133\211\121\150\140\047\116\016\123\357\220\350\177\162\140\047\227\000\154\102}{section.3.3}% 48
\BOOKMARK [1][-]{section.3.4}{\376\377\174\373\176\337\140\073\117\123\147\266\147\204\213\276\213\241}{chapter.3}% 49
\BOOKMARK [1][-]{section.3.5}{\376\377\174\373\176\337\150\070\137\303\116\032\122\241\155\101\172\013\213\276\213\241}{chapter.3}% 50
\BOOKMARK [1][-]{section.3.6}{\376\377\152\041\127\127\122\022\122\006\116\016\143\245\123\343\121\163\174\373\213\276\213\241}{chapter.3}% 51
\BOOKMARK [1][-]{section.3.7}{\376\377\147\054\172\340\134\017\176\323}{chapter.3}% 52
\BOOKMARK [0][-]{chapter.4}{\376\377\121\163\225\056\145\271\154\325\116\016\136\163\123\360\133\236\163\260}{}% 53
\BOOKMARK [1][-]{section.4.1}{\376\377\131\032\156\220\150\300\155\113\150\106\147\266\213\276\213\241}{chapter.4}% 54
\BOOKMARK [1][-]{section.4.2}{\376\377\126\376\120\317\206\132\120\107\121\205\133\271\150\300\155\113\152\041\127\127\133\236\163\260}{chapter.4}% 55
\BOOKMARK [2][-]{subsection.4.2.1}{\376\377\147\054\127\060\150\300\155\113\152\041\127\213\143\245\121\145}{section.4.2}% 56
\BOOKMARK [2][-]{subsection.4.2.2}{\376\377\126\376\120\317\000A\000I\222\164\122\053\143\245\123\343\143\245\121\145}{section.4.2}% 57
\BOOKMARK [1][-]{section.4.3}{\376\377\211\306\230\221\206\132\120\107\121\205\133\271\150\300\155\113\152\041\127\127\133\236\163\260}{chapter.4}% 58
\BOOKMARK [2][-]{subsection.4.3.1}{\376\377\211\306\230\221\164\006\211\343\143\245\123\343\143\245\121\145}{section.4.3}% 59
\BOOKMARK [2][-]{subsection.4.3.2}{\376\377\211\306\230\221\150\300\155\113\176\323\147\234\176\323\147\204\123\026\213\276\213\241}{section.4.3}% 60
\BOOKMARK [1][-]{section.4.4}{\376\377\116\015\133\211\121\150\121\205\133\271\150\300\155\113\152\041\127\127\133\236\163\260}{chapter.4}% 61
\BOOKMARK [2][-]{subsection.4.4.1}{\376\377\126\376\120\317\133\211\121\150\133\241\150\070\152\041\127\127}{section.4.4}% 62
\BOOKMARK [2][-]{subsection.4.4.2}{\376\377\211\306\230\221\133\211\121\150\133\241\150\070\152\041\127\127}{section.4.4}% 63
\BOOKMARK [1][-]{section.4.5}{\376\377\150\067\147\054\165\037\142\020\116\016\121\205\133\271\173\241\164\006\152\041\127\127\133\236\163\260}{chapter.4}% 64
\BOOKMARK [1][-]{section.4.6}{\376\377\230\316\226\151\122\006\176\247\116\016\123\357\211\306\123\026\134\125\171\072\133\236\163\260}{chapter.4}% 65
\BOOKMARK [1][-]{section.4.7}{\376\377\122\115\124\016\172\357\136\163\123\360\137\000\123\321\116\016\220\350\177\162\133\236\163\260}{chapter.4}% 66
\BOOKMARK [2][-]{subsection.4.7.1}{\376\377\122\115\172\357\230\165\227\142\116\016\116\244\116\222\133\236\163\260}{section.4.7}% 67
\BOOKMARK [2][-]{subsection.4.7.2}{\376\377\124\016\172\357\116\343\164\006\116\016\116\373\122\241\214\003\136\246\133\236\163\260}{section.4.7}% 68
\BOOKMARK [2][-]{subsection.4.7.3}{\376\377\152\041\127\213\147\015\122\241\220\350\177\162\133\236\163\260}{section.4.7}% 69
\BOOKMARK [1][-]{section.4.8}{\376\377\147\054\172\340\134\017\176\323}{chapter.4}% 70
\BOOKMARK [0][-]{chapter.5}{\376\377\133\236\232\214\213\276\213\241\116\016\176\323\147\234\122\006\147\220}{}% 71
\BOOKMARK [1][-]{section.5.1}{\376\377\133\236\232\214\163\257\130\203\116\016\213\304\116\367\143\007\150\007}{chapter.5}% 72
\BOOKMARK [1][-]{section.5.2}{\376\377\145\160\143\156\226\306\116\016\155\113\213\325\150\067\147\054\147\204\136\372}{chapter.5}% 73
\BOOKMARK [2][-]{subsection.5.2.1}{\376\377\121\154\137\000\145\160\143\156\226\306\220\011\123\326}{section.5.2}% 74
\BOOKMARK [2][-]{subsection.5.2.2}{\376\377\136\163\123\360\165\037\142\020\150\067\147\054\147\204\136\372}{section.5.2}% 75
\BOOKMARK [2][-]{subsection.5.2.3}{\376\377\230\316\226\151\127\072\146\157\150\067\147\054\145\164\164\006}{section.5.2}% 76
\BOOKMARK [1][-]{section.5.3}{\376\377\126\376\120\317\206\132\120\107\121\205\133\271\150\300\155\113\133\236\232\214}{chapter.5}% 77
\BOOKMARK [1][-]{section.5.4}{\376\377\211\306\230\221\121\205\133\271\150\300\155\113\116\016\133\241\150\070\133\236\232\214}{chapter.5}% 78
\BOOKMARK [1][-]{section.5.5}{\376\377\131\032\145\271\154\325\133\371\153\324\116\016\176\323\147\234\213\250\213\272}{chapter.5}% 79
\BOOKMARK [1][-]{section.5.6}{\376\377\174\373\176\337\140\047\200\375\116\016\123\357\165\050\140\047\155\113\213\325}{chapter.5}% 80
\BOOKMARK [1][-]{section.5.7}{\376\377\133\236\232\214\176\323\147\234\122\006\147\220}{chapter.5}% 81
\BOOKMARK [1][-]{section.5.8}{\376\377\147\054\172\340\134\017\176\323}{chapter.5}% 82
\BOOKMARK [0][-]{chapter.6}{\376\377\140\073\176\323\116\016\134\125\147\033}{}% 83
\BOOKMARK [1][-]{section.6.1}{\376\377\121\150\145\207\135\345\117\134\140\073\176\323}{chapter.6}% 84
\BOOKMARK [1][-]{section.6.2}{\376\377\133\130\127\050\166\204\116\015\215\263}{chapter.6}% 85
\BOOKMARK [1][-]{section.6.3}{\376\377\124\016\176\355\170\024\172\166\134\125\147\033}{chapter.6}% 86
\BOOKMARK [0][-]{chapter*.4}{\376\377\123\302\200\003\145\207\163\056}{}% 87
\BOOKMARK [0][-]{chapter*.5}{\376\377\201\364\214\042}{}% 88
\BOOKMARK [0][-]{chapter*.6}{\376\377\226\104\137\125}{}% 89
\BOOKMARK [1][-]{section.6.4}{\376\377\226\104\137\125\000A\000\040\210\145\121\105\116\343\170\001\116\016\143\245\123\343\213\364\146\016}{chapter*.6}% 90
\BOOKMARK [1][-]{section.6.5}{\376\377\226\104\137\125\000B\000\040\131\026\145\207\213\321\145\207}{chapter*.6}% 91
\BOOKMARK [1][-]{section.6.6}{\376\377\226\104\137\125\000C\000\040\131\026\145\207\123\237\145\207}{chapter*.6}% 92
